e:\2019\semester 1\kit308 multicore architecture and programming\kit308_multicore_tutorials\tutorial01_mandelbrot\x64\release\vc141.pdb
e:\2019\semester 1\kit308 multicore architecture and programming\kit308_multicore_tutorials\tutorial01_mandelbrot\x64\release\tutorial01_mandelbrot.obj
e:\2019\semester 1\kit308 multicore architecture and programming\kit308_multicore_tutorials\tutorial01_mandelbrot\x64\release\mandelbrot.obj
e:\2019\semester 1\kit308 multicore architecture and programming\kit308_multicore_tutorials\tutorial01_mandelbrot\x64\release\bmp.obj
d:\2019\semester 1\kit308 multicore architecture and programming\kit308_multicore_tutorials\tutorial01_mandelbrot\x64\release\vc141.pdb
d:\2019\semester 1\kit308 multicore architecture and programming\kit308_multicore_tutorials\tutorial01_mandelbrot\x64\release\bmp.sbr
d:\2019\semester 1\kit308 multicore architecture and programming\kit308_multicore_tutorials\tutorial01_mandelbrot\x64\release\mandelbrot.sbr
e:\2019\semester 1\kit308 multicore architecture and programming\kit308_multicore_tutorials\x64\release\tutorial01_mandelbrot.exe
e:\2019\semester 1\kit308 multicore architecture and programming\kit308_multicore_tutorials\x64\release\tutorial01_mandelbrot.pdb
e:\2019\semester 1\kit308 multicore architecture and programming\kit308_multicore_tutorials\x64\release\tutorial01_mandelbrot.ipdb
e:\2019\semester 1\kit308 multicore architecture and programming\kit308_multicore_tutorials\x64\release\tutorial01_mandelbrot.iobj
e:\2019\semester 1\kit308 multicore architecture and programming\kit308_multicore_tutorials\tutorial01_mandelbrot\x64\release\bmp.sbr
e:\2019\semester 1\kit308 multicore architecture and programming\kit308_multicore_tutorials\tutorial01_mandelbrot\x64\release\mandelbrot.sbr
e:\2019\semester 1\kit308 multicore architecture and programming\kit308_multicore_tutorials\tutorial01_mandelbrot\x64\release\tutorial.6ac6b683.tlog\cl.read.1.tlog
e:\2019\semester 1\kit308 multicore architecture and programming\kit308_multicore_tutorials\tutorial01_mandelbrot\x64\release\tutorial.6ac6b683.tlog\cl.write.1.tlog
e:\2019\semester 1\kit308 multicore architecture and programming\kit308_multicore_tutorials\tutorial01_mandelbrot\x64\release\tutorial.6ac6b683.tlog\cl.command.1.tlog
e:\2019\semester 1\kit308 multicore architecture and programming\kit308_multicore_tutorials\tutorial01_mandelbrot\x64\release\tutorial.6ac6b683.tlog\link.read.1.tlog
e:\2019\semester 1\kit308 multicore architecture and programming\kit308_multicore_tutorials\tutorial01_mandelbrot\x64\release\tutorial.6ac6b683.tlog\link.write.1.tlog
e:\2019\semester 1\kit308 multicore architecture and programming\kit308_multicore_tutorials\tutorial01_mandelbrot\x64\release\tutorial.6ac6b683.tlog\link.command.1.tlog
e:\2019\semester 1\kit308 multicore architecture and programming\kit308_multicore_tutorials\tutorial01_mandelbrot\x64\release\tutorial.6ac6b683.tlog\tutorial01_mandelbrot.write.1u.tlog
