e:\2019\semester 1\kit308 multicore architecture and programming\kit308_multicore_tutorials\x64\release\tutorial01_supersampling.exe
e:\2019\semester 1\kit308 multicore architecture and programming\kit308_multicore_tutorials\x64\release\tutorial01_supersampling.pdb
f:\2019\semester 1\kit308 multicore architecture and programming\kit308_multicore_tutorials\x64\release\tutorial01_supersampling.exe
f:\2019\semester 1\kit308 multicore architecture and programming\kit308_multicore_tutorials\x64\release\tutorial01_supersampling.pdb
e:\2019\semester 1\kit308 multicore architecture and programming\kit308_multicore_tutorials\x64\release\tutorial01_supersampling.ipdb
e:\2019\semester 1\kit308 multicore architecture and programming\kit308_multicore_tutorials\x64\release\tutorial01_supersampling.iobj
f:\2019\semester 1\kit308 multicore architecture and programming\kit308_multicore_tutorials\x64\release\tutorial01_supersampling.ipdb
f:\2019\semester 1\kit308 multicore architecture and programming\kit308_multicore_tutorials\x64\release\tutorial01_supersampling.iobj
f:\2019\semester 1\kit308 multicore architecture and programming\kit308_multicore_tutorials\tutorial01_supersampling\x64\release\vc141.pdb
f:\2019\semester 1\kit308 multicore architecture and programming\kit308_multicore_tutorials\tutorial01_supersampling\x64\release\tutorial01_supersampling.obj
f:\2019\semester 1\kit308 multicore architecture and programming\kit308_multicore_tutorials\tutorial01_supersampling\x64\release\mandelbrot.obj
f:\2019\semester 1\kit308 multicore architecture and programming\kit308_multicore_tutorials\tutorial01_supersampling\x64\release\bmp.obj
d:\2019\semester 1\kit308 multicore architecture and programming\kit308_multicore_tutorials\tutorial01_supersampling\x64\release\vc141.pdb
d:\2019\semester 1\kit308 multicore architecture and programming\kit308_multicore_tutorials\tutorial01_supersampling\x64\release\bmp.sbr
e:\2019\semester 1\kit308 multicore architecture and programming\kit308_multicore_tutorials\tutorial01_supersampling\x64\release\vc141.pdb
e:\2019\semester 1\kit308 multicore architecture and programming\kit308_multicore_tutorials\tutorial01_supersampling\x64\release\bmp.sbr
e:\2019\semester 1\kit308 multicore architecture and programming\kit308_multicore_tutorials\tutorial01_supersampling\x64\release\tutorial.688a094f.tlog\cl.command.1.tlog
e:\2019\semester 1\kit308 multicore architecture and programming\kit308_multicore_tutorials\tutorial01_supersampling\x64\release\tutorial.688a094f.tlog\link.write.1.tlog
e:\2019\semester 1\kit308 multicore architecture and programming\kit308_multicore_tutorials\tutorial01_supersampling\x64\release\tutorial.688a094f.tlog\link.command.1.tlog
e:\2019\semester 1\kit308 multicore architecture and programming\kit308_multicore_tutorials\tutorial01_supersampling\x64\release\tutorial.688a094f.tlog\tutorial01_supersampling.write.1u.tlog
e:\2019\semester 1\kit308 multicore architecture and programming\kit308_multicore_tutorials\tutorial01_supersampling\x64\release\tutorial.688a094f.tlog\cl.read.1.tlog
e:\2019\semester 1\kit308 multicore architecture and programming\kit308_multicore_tutorials\tutorial01_supersampling\x64\release\tutorial.688a094f.tlog\link.read.1.tlog
e:\2019\semester 1\kit308 multicore architecture and programming\kit308_multicore_tutorials\tutorial01_supersampling\x64\release\tutorial.688a094f.tlog\cl.write.1.tlog
